  BattleManager.cpp
  Card.cpp
  ComputerPlayer.cpp
  GameManager.cpp
  HumanPlayer.cpp
C:\Users\DSO22\Desktop\game_project\game_cpp_WPF\Game1\HumanPlayer.cpp(8,20): warning C4018: '<': signed 또는 unsigned가 일치하지 않습니다.
C:\Users\DSO22\Desktop\game_project\game_cpp_WPF\Game1\HumanPlayer.cpp(20,20): warning C4018: '>=': signed 또는 unsigned가 일치하지 않습니다.
  Player.cpp
  Pokemon.cpp
  Kkobugi.cpp
  Majayong.cpp
  Naong.cpp
  Pairi.cpp
  Pikachu.cpp
  Ttodogas.cpp
  코드를 생성하고 있습니다...
MSVCRTD.lib(exe_main.obj) : error LNK2019: _main"int __cdecl invoke_main(void)" (?invoke_main@@YAHXZ) 함수에서 참조되는 확인할 수 없는 외부 기호
    정의되었으며 잠재적으로 일치할 수 있는 기호에 대한 힌트:
      "public: void __thiscall GameManager::main(void)" (?main@GameManager@@QAEXXZ)
C:\Users\DSO22\Desktop\game_project\game_cpp_WPF\Debug\Game1.exe : fatal error LNK1120: 1개의 확인할 수 없는 외부 참조입니다.
